Fetching registry information from https://github.com/microsoft/vcpkg (HEAD)...
Detecting compiler hash for triplet x64-windows...
Compiler found: C:/Program Files/Microsoft Visual Studio/2022/Community/VC/Tools/MSVC/14.38.33130/bin/Hostx64/x64/cl.exe
The following packages will be built and installed:
    sdl2:x64-windows@2.30.5#1 -- C:\Users\William Shepherd\AppData\Local\vcpkg\registries\git-trees\e28edc448b13fae33fc8956adc9017e691a9a735
  * vcpkg-cmake:x64-windows@2024-04-23 -- C:\Users\William Shepherd\AppData\Local\vcpkg\registries\git-trees\e74aa1e8f93278a8e71372f1fa08c3df420eb840
  * vcpkg-cmake-config:x64-windows@2024-05-23 -- C:\Users\William Shepherd\AppData\Local\vcpkg\registries\git-trees\97a63e4bc1a17422ffe4eff71da53b4b561a7841
Additional packages (*) will be modified to complete this operation.
Restored 3 package(s) from C:\Users\William Shepherd\AppData\Local\vcpkg\archives in 168 ms. Use --debug to see more details.
Installing 1/3 vcpkg-cmake-config:x64-windows@2024-05-23...
Elapsed time to handle vcpkg-cmake-config:x64-windows: 5.28 ms
vcpkg-cmake-config:x64-windows package ABI: fa6ed2f385e0e0ae9456f4c47bc83b531ff6306e4322fed2c2b6188475e25c6e
Installing 2/3 vcpkg-cmake:x64-windows@2024-04-23...
Elapsed time to handle vcpkg-cmake:x64-windows: 7.79 ms
vcpkg-cmake:x64-windows package ABI: 55c4a8480ac10a00f39cfb11d4c28919e01148c41379eb7df71f99d75bd2ccaf
Installing 3/3 sdl2:x64-windows@2.30.5#1...
Elapsed time to handle sdl2:x64-windows: 47.9 ms
sdl2:x64-windows package ABI: 9c937387fa0159ff5d2fc23dae5ddd4a94c37f574a9f1b04ad4e53c22f646b00
Total install time: 61.1 ms
sdl2 provides CMake targets:

    find_package(SDL2 CONFIG REQUIRED)
    target_link_libraries(main
        PRIVATE
        $<TARGET_NAME_IF_EXISTS:SDL2::SDL2main>
        $<IF:$<TARGET_EXISTS:SDL2::SDL2>,SDL2::SDL2,SDL2::SDL2-static>
    )

